2023/07/09 18:31:08 [notice] 1#1: using the "epoll" event method
2023/07/09 18:31:08 [notice] 1#1: nginx/1.21.1
2023/07/09 18:31:08 [notice] 1#1: built by gcc 10.3.1 20210424 (Alpine 10.3.1_git20210424) 
2023/07/09 18:31:08 [notice] 1#1: OS: Linux 5.10.16.3-microsoft-standard-WSL2
2023/07/09 18:31:08 [notice] 1#1: getrlimit(RLIMIT_NOFILE): 1048576:1048576
2023/07/09 18:31:08 [notice] 1#1: start worker processes
2023/07/09 18:31:08 [notice] 1#1: start worker process 34
2023/07/09 18:31:08 [notice] 1#1: start worker process 35
2023/07/09 18:31:08 [notice] 1#1: start worker process 36
2023/07/09 18:31:08 [notice] 1#1: start worker process 37
2023/07/09 18:31:08 [notice] 1#1: start worker process 38
2023/07/09 18:31:08 [notice] 1#1: start worker process 39
2023/07/09 18:31:08 [notice] 1#1: start worker process 40
2023/07/09 18:31:08 [notice] 1#1: start worker process 41
2023/07/09 18:31:08 [notice] 1#1: start worker process 42
2023/07/09 18:31:08 [notice] 1#1: start worker process 43
2023/07/09 18:31:08 [notice] 1#1: start worker process 44
2023/07/09 18:31:08 [notice] 1#1: start worker process 45
2023/07/09 18:31:57 [notice] 1#1: signal 3 (SIGQUIT) received, shutting down
2023/07/09 18:31:57 [notice] 34#34: gracefully shutting down
2023/07/09 18:31:57 [notice] 35#35: gracefully shutting down
2023/07/09 18:31:57 [notice] 36#36: gracefully shutting down
2023/07/09 18:31:57 [notice] 38#38: gracefully shutting down
2023/07/09 18:31:57 [notice] 37#37: gracefully shutting down
2023/07/09 18:31:57 [notice] 39#39: gracefully shutting down
2023/07/09 18:31:57 [notice] 40#40: gracefully shutting down
2023/07/09 18:31:57 [notice] 42#42: gracefully shutting down
2023/07/09 18:31:57 [notice] 43#43: gracefully shutting down
2023/07/09 18:31:57 [notice] 44#44: gracefully shutting down
2023/07/09 18:31:57 [notice] 41#41: gracefully shutting down
2023/07/09 18:31:57 [notice] 45#45: gracefully shutting down
2023/07/09 18:31:57 [notice] 34#34: exiting
2023/07/09 18:31:57 [notice] 35#35: exiting
2023/07/09 18:31:57 [notice] 36#36: exiting
2023/07/09 18:31:57 [notice] 38#38: exiting
2023/07/09 18:31:57 [notice] 37#37: exiting
2023/07/09 18:31:57 [notice] 39#39: exiting
2023/07/09 18:31:57 [notice] 40#40: exiting
2023/07/09 18:31:57 [notice] 42#42: exiting
2023/07/09 18:31:57 [notice] 43#43: exiting
2023/07/09 18:31:57 [notice] 44#44: exiting
2023/07/09 18:31:57 [notice] 41#41: exiting
2023/07/09 18:31:57 [notice] 45#45: exiting
2023/07/09 18:31:57 [notice] 34#34: exit
2023/07/09 18:31:57 [notice] 35#35: exit
2023/07/09 18:31:57 [notice] 36#36: exit
2023/07/09 18:31:57 [notice] 38#38: exit
2023/07/09 18:31:57 [notice] 37#37: exit
2023/07/09 18:31:57 [notice] 39#39: exit
2023/07/09 18:31:57 [notice] 40#40: exit
2023/07/09 18:31:57 [notice] 42#42: exit
2023/07/09 18:31:57 [notice] 43#43: exit
2023/07/09 18:31:57 [notice] 44#44: exit
2023/07/09 18:31:57 [notice] 41#41: exit
2023/07/09 18:31:57 [notice] 45#45: exit
2023/07/09 18:31:57 [notice] 1#1: signal 17 (SIGCHLD) received from 39
2023/07/09 18:31:57 [notice] 1#1: worker process 35 exited with code 0
2023/07/09 18:31:57 [notice] 1#1: worker process 36 exited with code 0
2023/07/09 18:31:57 [notice] 1#1: worker process 39 exited with code 0
2023/07/09 18:31:57 [notice] 1#1: worker process 43 exited with code 0
2023/07/09 18:31:57 [notice] 1#1: signal 29 (SIGIO) received
2023/07/09 18:31:57 [notice] 1#1: signal 17 (SIGCHLD) received from 35
2023/07/09 18:31:57 [notice] 1#1: signal 17 (SIGCHLD) received from 34
2023/07/09 18:31:57 [notice] 1#1: worker process 34 exited with code 0
2023/07/09 18:31:57 [notice] 1#1: worker process 38 exited with code 0
2023/07/09 18:31:57 [notice] 1#1: worker process 41 exited with code 0
2023/07/09 18:31:57 [notice] 1#1: worker process 42 exited with code 0
2023/07/09 18:31:57 [notice] 1#1: signal 29 (SIGIO) received
2023/07/09 18:31:57 [notice] 1#1: signal 17 (SIGCHLD) received from 38
2023/07/09 18:31:57 [notice] 1#1: signal 17 (SIGCHLD) received from 37
2023/07/09 18:31:57 [notice] 1#1: worker process 37 exited with code 0
2023/07/09 18:31:57 [notice] 1#1: signal 29 (SIGIO) received
2023/07/09 18:31:57 [notice] 1#1: signal 17 (SIGCHLD) received from 44
2023/07/09 18:31:57 [notice] 1#1: worker process 44 exited with code 0
2023/07/09 18:31:57 [notice] 1#1: signal 29 (SIGIO) received
2023/07/09 18:31:57 [notice] 1#1: signal 17 (SIGCHLD) received from 40
2023/07/09 18:31:57 [notice] 1#1: worker process 40 exited with code 0
2023/07/09 18:31:57 [notice] 1#1: worker process 45 exited with code 0
2023/07/09 18:31:57 [notice] 1#1: exit
2023/07/09 18:31:58 [notice] 1#1: using the "epoll" event method
2023/07/09 18:31:58 [notice] 1#1: nginx/1.21.1
2023/07/09 18:31:58 [notice] 1#1: built by gcc 10.3.1 20210424 (Alpine 10.3.1_git20210424) 
2023/07/09 18:31:58 [notice] 1#1: OS: Linux 5.10.16.3-microsoft-standard-WSL2
2023/07/09 18:31:58 [notice] 1#1: getrlimit(RLIMIT_NOFILE): 1048576:1048576
2023/07/09 18:31:58 [notice] 1#1: start worker processes
2023/07/09 18:31:58 [notice] 1#1: start worker process 26
2023/07/09 18:31:58 [notice] 1#1: start worker process 27
2023/07/09 18:31:58 [notice] 1#1: start worker process 28
2023/07/09 18:31:58 [notice] 1#1: start worker process 29
2023/07/09 18:31:58 [notice] 1#1: start worker process 30
2023/07/09 18:31:58 [notice] 1#1: start worker process 31
2023/07/09 18:31:58 [notice] 1#1: start worker process 32
2023/07/09 18:31:58 [notice] 1#1: start worker process 33
2023/07/09 18:31:58 [notice] 1#1: start worker process 34
2023/07/09 18:31:58 [notice] 1#1: start worker process 35
2023/07/09 18:31:58 [notice] 1#1: start worker process 36
2023/07/09 18:31:58 [notice] 1#1: start worker process 37
2023/07/09 18:32:17 [notice] 1#1: signal 3 (SIGQUIT) received, shutting down
2023/07/09 18:32:17 [notice] 26#26: gracefully shutting down
2023/07/09 18:32:17 [notice] 35#35: gracefully shutting down
2023/07/09 18:32:17 [notice] 27#27: gracefully shutting down
2023/07/09 18:32:17 [notice] 28#28: gracefully shutting down
2023/07/09 18:32:17 [notice] 28#28: exiting
2023/07/09 18:32:17 [notice] 29#29: gracefully shutting down
2023/07/09 18:32:17 [notice] 30#30: gracefully shutting down
2023/07/09 18:32:17 [notice] 31#31: gracefully shutting down
2023/07/09 18:32:17 [notice] 32#32: gracefully shutting down
2023/07/09 18:32:17 [notice] 33#33: gracefully shutting down
2023/07/09 18:32:17 [notice] 34#34: gracefully shutting down
2023/07/09 18:32:17 [notice] 36#36: gracefully shutting down
2023/07/09 18:32:17 [notice] 37#37: gracefully shutting down
2023/07/09 18:32:17 [notice] 26#26: exiting
2023/07/09 18:32:17 [notice] 35#35: exiting
2023/07/09 18:32:17 [notice] 27#27: exiting
2023/07/09 18:32:17 [notice] 28#28: exit
2023/07/09 18:32:17 [notice] 29#29: exiting
2023/07/09 18:32:17 [notice] 30#30: exiting
2023/07/09 18:32:17 [notice] 31#31: exiting
2023/07/09 18:32:17 [notice] 32#32: exiting
2023/07/09 18:32:17 [notice] 33#33: exiting
2023/07/09 18:32:17 [notice] 34#34: exiting
2023/07/09 18:32:17 [notice] 36#36: exiting
2023/07/09 18:32:17 [notice] 37#37: exiting
2023/07/09 18:32:17 [notice] 26#26: exit
2023/07/09 18:32:17 [notice] 35#35: exit
2023/07/09 18:32:17 [notice] 27#27: exit
2023/07/09 18:32:17 [notice] 29#29: exit
2023/07/09 18:32:17 [notice] 30#30: exit
2023/07/09 18:32:17 [notice] 31#31: exit
2023/07/09 18:32:17 [notice] 32#32: exit
2023/07/09 18:32:17 [notice] 33#33: exit
2023/07/09 18:32:17 [notice] 34#34: exit
2023/07/09 18:32:17 [notice] 36#36: exit
2023/07/09 18:32:17 [notice] 37#37: exit
2023/07/09 18:32:17 [notice] 1#1: signal 17 (SIGCHLD) received from 30
2023/07/09 18:32:17 [notice] 1#1: worker process 27 exited with code 0
2023/07/09 18:32:17 [notice] 1#1: worker process 30 exited with code 0
2023/07/09 18:32:17 [notice] 1#1: worker process 31 exited with code 0
2023/07/09 18:32:17 [notice] 1#1: worker process 35 exited with code 0
2023/07/09 18:32:17 [notice] 1#1: worker process 36 exited with code 0
2023/07/09 18:32:17 [notice] 1#1: worker process 37 exited with code 0
2023/07/09 18:32:17 [notice] 1#1: signal 29 (SIGIO) received
2023/07/09 18:32:17 [notice] 1#1: signal 17 (SIGCHLD) received from 36
2023/07/09 18:32:17 [notice] 1#1: signal 17 (SIGCHLD) received from 32
2023/07/09 18:32:17 [notice] 1#1: worker process 29 exited with code 0
2023/07/09 18:32:17 [notice] 1#1: worker process 32 exited with code 0
2023/07/09 18:32:17 [notice] 1#1: signal 29 (SIGIO) received
2023/07/09 18:32:17 [notice] 1#1: signal 17 (SIGCHLD) received from 29
2023/07/09 18:32:17 [notice] 1#1: signal 17 (SIGCHLD) received from 33
2023/07/09 18:32:17 [notice] 1#1: worker process 26 exited with code 0
2023/07/09 18:32:17 [notice] 1#1: worker process 28 exited with code 0
2023/07/09 18:32:17 [notice] 1#1: worker process 33 exited with code 0
2023/07/09 18:32:17 [notice] 1#1: worker process 34 exited with code 0
2023/07/09 18:32:17 [notice] 1#1: exit
2023/07/09 18:32:30 [notice] 1#1: using the "epoll" event method
2023/07/09 18:32:30 [notice] 1#1: nginx/1.21.1
2023/07/09 18:32:30 [notice] 1#1: built by gcc 10.3.1 20210424 (Alpine 10.3.1_git20210424) 
2023/07/09 18:32:30 [notice] 1#1: OS: Linux 5.10.16.3-microsoft-standard-WSL2
2023/07/09 18:32:30 [notice] 1#1: getrlimit(RLIMIT_NOFILE): 1048576:1048576
2023/07/09 18:32:30 [notice] 1#1: start worker processes
2023/07/09 18:32:30 [notice] 1#1: start worker process 34
2023/07/09 18:32:30 [notice] 1#1: start worker process 35
2023/07/09 18:32:30 [notice] 1#1: start worker process 36
2023/07/09 18:32:30 [notice] 1#1: start worker process 37
2023/07/09 18:32:30 [notice] 1#1: start worker process 38
2023/07/09 18:32:30 [notice] 1#1: start worker process 39
2023/07/09 18:32:30 [notice] 1#1: start worker process 40
2023/07/09 18:32:30 [notice] 1#1: start worker process 41
2023/07/09 18:32:30 [notice] 1#1: start worker process 42
2023/07/09 18:32:30 [notice] 1#1: start worker process 43
2023/07/09 18:32:30 [notice] 1#1: start worker process 44
2023/07/09 18:32:30 [notice] 1#1: start worker process 45
2023/07/09 18:33:38 [error] 34#34: *2 open() "/usr/share/nginx/html/favicon.ico" failed (2: No such file or directory), client: 10.100.0.1, server: localhost, request: "GET /favicon.ico HTTP/1.1", host: "127.0.0.1:44", referrer: "http://127.0.0.1:44/"
2023/07/09 18:34:23 [notice] 1#1: signal 3 (SIGQUIT) received, shutting down
2023/07/09 18:34:23 [notice] 34#34: gracefully shutting down
2023/07/09 18:34:23 [notice] 35#35: gracefully shutting down
2023/07/09 18:34:23 [notice] 36#36: gracefully shutting down
2023/07/09 18:34:23 [notice] 38#38: gracefully shutting down
2023/07/09 18:34:23 [notice] 37#37: gracefully shutting down
2023/07/09 18:34:23 [notice] 39#39: gracefully shutting down
2023/07/09 18:34:23 [notice] 39#39: exiting
2023/07/09 18:34:23 [notice] 40#40: gracefully shutting down
2023/07/09 18:34:23 [notice] 41#41: gracefully shutting down
2023/07/09 18:34:23 [notice] 42#42: gracefully shutting down
2023/07/09 18:34:23 [notice] 43#43: gracefully shutting down
2023/07/09 18:34:23 [notice] 44#44: gracefully shutting down
2023/07/09 18:34:23 [notice] 45#45: gracefully shutting down
2023/07/09 18:34:23 [notice] 34#34: exiting
2023/07/09 18:34:23 [notice] 35#35: exiting
2023/07/09 18:34:23 [notice] 36#36: exiting
2023/07/09 18:34:23 [notice] 38#38: exiting
2023/07/09 18:34:23 [notice] 37#37: exiting
2023/07/09 18:34:23 [notice] 39#39: exit
2023/07/09 18:34:23 [notice] 40#40: exiting
2023/07/09 18:34:23 [notice] 41#41: exiting
2023/07/09 18:34:23 [notice] 42#42: exiting
2023/07/09 18:34:23 [notice] 43#43: exiting
2023/07/09 18:34:23 [notice] 44#44: exiting
2023/07/09 18:34:23 [notice] 45#45: exiting
2023/07/09 18:34:23 [notice] 34#34: exit
2023/07/09 18:34:23 [notice] 35#35: exit
2023/07/09 18:34:23 [notice] 36#36: exit
2023/07/09 18:34:23 [notice] 38#38: exit
2023/07/09 18:34:23 [notice] 37#37: exit
2023/07/09 18:34:23 [notice] 40#40: exit
2023/07/09 18:34:23 [notice] 41#41: exit
2023/07/09 18:34:23 [notice] 42#42: exit
2023/07/09 18:34:23 [notice] 43#43: exit
2023/07/09 18:34:23 [notice] 44#44: exit
2023/07/09 18:34:23 [notice] 45#45: exit
2023/07/09 18:34:23 [notice] 1#1: signal 17 (SIGCHLD) received from 41
2023/07/09 18:34:23 [notice] 1#1: worker process 34 exited with code 0
2023/07/09 18:34:23 [notice] 1#1: worker process 35 exited with code 0
2023/07/09 18:34:23 [notice] 1#1: worker process 36 exited with code 0
2023/07/09 18:34:23 [notice] 1#1: worker process 37 exited with code 0
2023/07/09 18:34:23 [notice] 1#1: worker process 38 exited with code 0
2023/07/09 18:34:23 [notice] 1#1: worker process 39 exited with code 0
2023/07/09 18:34:23 [notice] 1#1: worker process 40 exited with code 0
2023/07/09 18:34:23 [notice] 1#1: worker process 41 exited with code 0
2023/07/09 18:34:23 [notice] 1#1: worker process 42 exited with code 0
2023/07/09 18:34:23 [notice] 1#1: worker process 43 exited with code 0
2023/07/09 18:34:23 [notice] 1#1: worker process 44 exited with code 0
2023/07/09 18:34:23 [notice] 1#1: worker process 45 exited with code 0
2023/07/09 18:34:23 [notice] 1#1: exit
2023/07/09 18:34:27 [notice] 1#1: using the "epoll" event method
2023/07/09 18:34:27 [notice] 1#1: nginx/1.21.1
2023/07/09 18:34:27 [notice] 1#1: built by gcc 10.3.1 20210424 (Alpine 10.3.1_git20210424) 
2023/07/09 18:34:27 [notice] 1#1: OS: Linux 5.10.16.3-microsoft-standard-WSL2
2023/07/09 18:34:27 [notice] 1#1: getrlimit(RLIMIT_NOFILE): 1048576:1048576
2023/07/09 18:34:27 [notice] 1#1: start worker processes
2023/07/09 18:34:27 [notice] 1#1: start worker process 34
2023/07/09 18:34:27 [notice] 1#1: start worker process 35
2023/07/09 18:34:27 [notice] 1#1: start worker process 36
2023/07/09 18:34:27 [notice] 1#1: start worker process 37
2023/07/09 18:34:27 [notice] 1#1: start worker process 38
2023/07/09 18:34:27 [notice] 1#1: start worker process 39
2023/07/09 18:34:27 [notice] 1#1: start worker process 40
2023/07/09 18:34:27 [notice] 1#1: start worker process 41
2023/07/09 18:34:27 [notice] 1#1: start worker process 42
2023/07/09 18:34:27 [notice] 1#1: start worker process 43
2023/07/09 18:34:27 [notice] 1#1: start worker process 44
2023/07/09 18:34:27 [notice] 1#1: start worker process 45
2023/07/09 18:36:44 [error] 34#34: *2 open() "/usr/share/nginx/html/index.php" failed (2: No such file or directory), client: 10.100.0.1, server: localhost, request: "GET /index.php HTTP/1.1", host: "127.0.0.1:44"
2023/07/09 18:38:14 [notice] 1#1: signal 3 (SIGQUIT) received, shutting down
2023/07/09 18:38:14 [notice] 34#34: gracefully shutting down
2023/07/09 18:38:14 [notice] 35#35: gracefully shutting down
2023/07/09 18:38:14 [notice] 36#36: gracefully shutting down
2023/07/09 18:38:14 [notice] 38#38: gracefully shutting down
2023/07/09 18:38:14 [notice] 37#37: gracefully shutting down
2023/07/09 18:38:14 [notice] 39#39: gracefully shutting down
2023/07/09 18:38:14 [notice] 40#40: gracefully shutting down
2023/07/09 18:38:14 [notice] 41#41: gracefully shutting down
2023/07/09 18:38:14 [notice] 42#42: gracefully shutting down
2023/07/09 18:38:14 [notice] 43#43: gracefully shutting down
2023/07/09 18:38:14 [notice] 44#44: gracefully shutting down
2023/07/09 18:38:14 [notice] 45#45: gracefully shutting down
2023/07/09 18:38:14 [notice] 34#34: exiting
2023/07/09 18:38:14 [notice] 35#35: exiting
2023/07/09 18:38:14 [notice] 36#36: exiting
2023/07/09 18:38:14 [notice] 38#38: exiting
2023/07/09 18:38:14 [notice] 37#37: exiting
2023/07/09 18:38:14 [notice] 39#39: exiting
2023/07/09 18:38:14 [notice] 40#40: exiting
2023/07/09 18:38:14 [notice] 41#41: exiting
2023/07/09 18:38:14 [notice] 42#42: exiting
2023/07/09 18:38:14 [notice] 43#43: exiting
2023/07/09 18:38:14 [notice] 44#44: exiting
2023/07/09 18:38:14 [notice] 45#45: exiting
2023/07/09 18:38:14 [notice] 34#34: exit
2023/07/09 18:38:14 [notice] 35#35: exit
2023/07/09 18:38:14 [notice] 36#36: exit
2023/07/09 18:38:14 [notice] 38#38: exit
2023/07/09 18:38:14 [notice] 37#37: exit
2023/07/09 18:38:14 [notice] 39#39: exit
2023/07/09 18:38:14 [notice] 40#40: exit
2023/07/09 18:38:14 [notice] 41#41: exit
2023/07/09 18:38:14 [notice] 42#42: exit
2023/07/09 18:38:14 [notice] 43#43: exit
2023/07/09 18:38:14 [notice] 44#44: exit
2023/07/09 18:38:14 [notice] 45#45: exit
2023/07/09 18:38:14 [notice] 1#1: signal 17 (SIGCHLD) received from 36
2023/07/09 18:38:14 [notice] 1#1: worker process 36 exited with code 0
2023/07/09 18:38:14 [notice] 1#1: worker process 39 exited with code 0
2023/07/09 18:38:14 [notice] 1#1: worker process 42 exited with code 0
2023/07/09 18:38:14 [notice] 1#1: worker process 45 exited with code 0
2023/07/09 18:38:14 [notice] 1#1: signal 29 (SIGIO) received
2023/07/09 18:38:14 [notice] 1#1: signal 17 (SIGCHLD) received from 44
2023/07/09 18:38:14 [notice] 1#1: worker process 34 exited with code 0
2023/07/09 18:38:14 [notice] 1#1: worker process 37 exited with code 0
2023/07/09 18:38:14 [notice] 1#1: worker process 38 exited with code 0
2023/07/09 18:38:14 [notice] 1#1: worker process 43 exited with code 0
2023/07/09 18:38:14 [notice] 1#1: worker process 44 exited with code 0
2023/07/09 18:38:14 [notice] 1#1: signal 29 (SIGIO) received
2023/07/09 18:38:14 [notice] 1#1: signal 17 (SIGCHLD) received from 38
2023/07/09 18:38:14 [notice] 1#1: signal 17 (SIGCHLD) received from 35
2023/07/09 18:38:14 [notice] 1#1: worker process 35 exited with code 0
2023/07/09 18:38:14 [notice] 1#1: worker process 40 exited with code 0
2023/07/09 18:38:14 [notice] 1#1: worker process 41 exited with code 0
2023/07/09 18:38:14 [notice] 1#1: exit
2023/07/09 18:38:16 [emerg] 1#1: host not found in upstream "nuxt:4000" in /etc/nginx/conf.d/default.conf:2
2023/07/09 18:38:24 [emerg] 1#1: host not found in upstream "nuxt:4000" in /etc/nginx/conf.d/default.conf:2
2023/07/09 18:38:32 [emerg] 1#1: host not found in upstream "nuxt:4000" in /etc/nginx/conf.d/default.conf:2
2023/07/09 18:38:40 [emerg] 1#1: host not found in upstream "nuxt:4000" in /etc/nginx/conf.d/default.conf:2
2023/07/09 18:38:48 [emerg] 1#1: host not found in upstream "nuxt:4000" in /etc/nginx/conf.d/default.conf:2
2023/07/09 18:38:56 [emerg] 1#1: host not found in upstream "nuxt:4000" in /etc/nginx/conf.d/default.conf:2
2023/07/09 18:39:05 [emerg] 1#1: host not found in upstream "nuxt:4000" in /etc/nginx/conf.d/default.conf:2
2023/07/09 18:39:18 [emerg] 1#1: host not found in upstream "nuxt:4000" in /etc/nginx/conf.d/default.conf:2
2023/07/09 18:39:37 [emerg] 1#1: host not found in upstream "nuxt:4000" in /etc/nginx/conf.d/default.conf:2
2023/07/09 18:40:09 [emerg] 1#1: "client_body_buffer_size" directive invalid value in /etc/nginx/conf.d/default.conf:18
2023/07/09 18:41:02 [emerg] 1#1: "client_body_buffer_size" directive invalid value in /etc/nginx/conf.d/default.conf:18
2023/07/09 18:42:03 [emerg] 1#1: "client_body_buffer_size" directive invalid value in /etc/nginx/conf.d/default.conf:18
2023/07/09 18:43:05 [emerg] 1#1: host not found in upstream "laravel_nuxt-frontend:4000" in /etc/nginx/conf.d/default.conf:2
2023/07/09 18:43:57 [notice] 1#1: using the "epoll" event method
2023/07/09 18:43:57 [notice] 1#1: nginx/1.21.1
2023/07/09 18:43:57 [notice] 1#1: built by gcc 10.3.1 20210424 (Alpine 10.3.1_git20210424) 
2023/07/09 18:43:57 [notice] 1#1: OS: Linux 5.10.16.3-microsoft-standard-WSL2
2023/07/09 18:43:57 [notice] 1#1: getrlimit(RLIMIT_NOFILE): 1048576:1048576
2023/07/09 18:43:57 [notice] 1#1: start worker processes
2023/07/09 18:43:57 [notice] 1#1: start worker process 34
2023/07/09 18:43:57 [notice] 1#1: start worker process 35
2023/07/09 18:43:57 [notice] 1#1: start worker process 36
2023/07/09 18:43:57 [notice] 1#1: start worker process 37
2023/07/09 18:43:57 [notice] 1#1: start worker process 38
2023/07/09 18:43:57 [notice] 1#1: start worker process 39
2023/07/09 18:43:57 [notice] 1#1: start worker process 40
2023/07/09 18:43:57 [notice] 1#1: start worker process 41
2023/07/09 18:43:57 [notice] 1#1: start worker process 42
2023/07/09 18:43:57 [notice] 1#1: start worker process 43
2023/07/09 18:43:57 [notice] 1#1: start worker process 44
2023/07/09 18:43:57 [notice] 1#1: start worker process 45
2023/07/09 18:44:27 [error] 34#34: *1 "/usr/share/nginx/html/test/index.html" is not found (2: No such file or directory), client: 10.100.0.1, server: localhost, request: "GET /test/ HTTP/1.1", host: "localhost:44"
2023/07/09 18:48:29 [notice] 1#1: signal 3 (SIGQUIT) received, shutting down
2023/07/09 18:48:29 [notice] 34#34: gracefully shutting down
2023/07/09 18:48:29 [notice] 44#44: gracefully shutting down
2023/07/09 18:48:29 [notice] 35#35: gracefully shutting down
2023/07/09 18:48:29 [notice] 36#36: gracefully shutting down
2023/07/09 18:48:29 [notice] 37#37: gracefully shutting down
2023/07/09 18:48:29 [notice] 39#39: gracefully shutting down
2023/07/09 18:48:29 [notice] 40#40: gracefully shutting down
2023/07/09 18:48:29 [notice] 38#38: gracefully shutting down
2023/07/09 18:48:29 [notice] 41#41: gracefully shutting down
2023/07/09 18:48:29 [notice] 42#42: gracefully shutting down
2023/07/09 18:48:29 [notice] 43#43: gracefully shutting down
2023/07/09 18:48:29 [notice] 45#45: gracefully shutting down
2023/07/09 18:48:29 [notice] 34#34: exiting
2023/07/09 18:48:29 [notice] 44#44: exiting
2023/07/09 18:48:29 [notice] 35#35: exiting
2023/07/09 18:48:29 [notice] 36#36: exiting
2023/07/09 18:48:29 [notice] 37#37: exiting
2023/07/09 18:48:29 [notice] 39#39: exiting
2023/07/09 18:48:29 [notice] 40#40: exiting
2023/07/09 18:48:29 [notice] 38#38: exiting
2023/07/09 18:48:29 [notice] 41#41: exiting
2023/07/09 18:48:29 [notice] 42#42: exiting
2023/07/09 18:48:29 [notice] 43#43: exiting
2023/07/09 18:48:29 [notice] 45#45: exiting
2023/07/09 18:48:29 [notice] 34#34: exit
2023/07/09 18:48:29 [notice] 44#44: exit
2023/07/09 18:48:29 [notice] 35#35: exit
2023/07/09 18:48:29 [notice] 36#36: exit
2023/07/09 18:48:29 [notice] 37#37: exit
2023/07/09 18:48:29 [notice] 39#39: exit
2023/07/09 18:48:29 [notice] 40#40: exit
2023/07/09 18:48:29 [notice] 38#38: exit
2023/07/09 18:48:29 [notice] 41#41: exit
2023/07/09 18:48:29 [notice] 42#42: exit
2023/07/09 18:48:29 [notice] 43#43: exit
2023/07/09 18:48:29 [notice] 45#45: exit
2023/07/09 18:48:29 [notice] 1#1: signal 17 (SIGCHLD) received from 38
2023/07/09 18:48:29 [notice] 1#1: worker process 34 exited with code 0
2023/07/09 18:48:29 [notice] 1#1: worker process 36 exited with code 0
2023/07/09 18:48:29 [notice] 1#1: worker process 38 exited with code 0
2023/07/09 18:48:29 [notice] 1#1: worker process 39 exited with code 0
2023/07/09 18:48:29 [notice] 1#1: worker process 42 exited with code 0
2023/07/09 18:48:29 [notice] 1#1: worker process 45 exited with code 0
2023/07/09 18:48:29 [notice] 1#1: signal 29 (SIGIO) received
2023/07/09 18:48:29 [notice] 1#1: signal 17 (SIGCHLD) received from 34
2023/07/09 18:48:29 [notice] 1#1: signal 17 (SIGCHLD) received from 35
2023/07/09 18:48:29 [notice] 1#1: worker process 35 exited with code 0
2023/07/09 18:48:29 [notice] 1#1: worker process 37 exited with code 0
2023/07/09 18:48:29 [notice] 1#1: worker process 43 exited with code 0
2023/07/09 18:48:29 [notice] 1#1: signal 29 (SIGIO) received
2023/07/09 18:48:29 [notice] 1#1: signal 17 (SIGCHLD) received from 37
2023/07/09 18:48:29 [notice] 1#1: signal 17 (SIGCHLD) received from 41
2023/07/09 18:48:29 [notice] 1#1: worker process 40 exited with code 0
2023/07/09 18:48:29 [notice] 1#1: worker process 41 exited with code 0
2023/07/09 18:48:29 [notice] 1#1: worker process 44 exited with code 0
2023/07/09 18:48:29 [notice] 1#1: exit
2023/07/09 18:48:31 [notice] 1#1: using the "epoll" event method
2023/07/09 18:48:31 [notice] 1#1: nginx/1.21.1
2023/07/09 18:48:31 [notice] 1#1: built by gcc 10.3.1 20210424 (Alpine 10.3.1_git20210424) 
2023/07/09 18:48:31 [notice] 1#1: OS: Linux 5.10.16.3-microsoft-standard-WSL2
2023/07/09 18:48:31 [notice] 1#1: getrlimit(RLIMIT_NOFILE): 1048576:1048576
2023/07/09 18:48:31 [notice] 1#1: start worker processes
2023/07/09 18:48:31 [notice] 1#1: start worker process 34
2023/07/09 18:48:31 [notice] 1#1: start worker process 35
2023/07/09 18:48:31 [notice] 1#1: start worker process 36
2023/07/09 18:48:31 [notice] 1#1: start worker process 37
2023/07/09 18:48:31 [notice] 1#1: start worker process 38
2023/07/09 18:48:31 [notice] 1#1: start worker process 39
2023/07/09 18:48:31 [notice] 1#1: start worker process 40
2023/07/09 18:48:31 [notice] 1#1: start worker process 41
2023/07/09 18:48:31 [notice] 1#1: start worker process 42
2023/07/09 18:48:31 [notice] 1#1: start worker process 43
2023/07/09 18:48:31 [notice] 1#1: start worker process 44
2023/07/09 18:48:31 [notice] 1#1: start worker process 45
2023/07/09 18:51:28 [notice] 1#1: signal 3 (SIGQUIT) received, shutting down
2023/07/09 18:51:28 [notice] 34#34: gracefully shutting down
2023/07/09 18:51:28 [notice] 43#43: gracefully shutting down
2023/07/09 18:51:28 [notice] 36#36: gracefully shutting down
2023/07/09 18:51:28 [notice] 35#35: gracefully shutting down
2023/07/09 18:51:28 [notice] 37#37: gracefully shutting down
2023/07/09 18:51:28 [notice] 39#39: gracefully shutting down
2023/07/09 18:51:28 [notice] 38#38: gracefully shutting down
2023/07/09 18:51:28 [notice] 40#40: gracefully shutting down
2023/07/09 18:51:28 [notice] 41#41: gracefully shutting down
2023/07/09 18:51:28 [notice] 42#42: gracefully shutting down
2023/07/09 18:51:28 [notice] 44#44: gracefully shutting down
2023/07/09 18:51:28 [notice] 34#34: exiting
2023/07/09 18:51:28 [notice] 45#45: gracefully shutting down
2023/07/09 18:51:28 [notice] 43#43: exiting
2023/07/09 18:51:28 [notice] 36#36: exiting
2023/07/09 18:51:28 [notice] 35#35: exiting
2023/07/09 18:51:28 [notice] 37#37: exiting
2023/07/09 18:51:28 [notice] 39#39: exiting
2023/07/09 18:51:28 [notice] 38#38: exiting
2023/07/09 18:51:28 [notice] 40#40: exiting
2023/07/09 18:51:28 [notice] 41#41: exiting
2023/07/09 18:51:28 [notice] 42#42: exiting
2023/07/09 18:51:28 [notice] 44#44: exiting
2023/07/09 18:51:28 [notice] 34#34: exit
2023/07/09 18:51:28 [notice] 45#45: exiting
2023/07/09 18:51:28 [notice] 43#43: exit
2023/07/09 18:51:28 [notice] 36#36: exit
2023/07/09 18:51:28 [notice] 35#35: exit
2023/07/09 18:51:28 [notice] 37#37: exit
2023/07/09 18:51:28 [notice] 39#39: exit
2023/07/09 18:51:28 [notice] 38#38: exit
2023/07/09 18:51:28 [notice] 40#40: exit
2023/07/09 18:51:28 [notice] 41#41: exit
2023/07/09 18:51:28 [notice] 42#42: exit
2023/07/09 18:51:28 [notice] 44#44: exit
2023/07/09 18:51:28 [notice] 45#45: exit
2023/07/09 18:51:28 [notice] 1#1: signal 17 (SIGCHLD) received from 41
2023/07/09 18:51:28 [notice] 1#1: worker process 37 exited with code 0
2023/07/09 18:51:28 [notice] 1#1: worker process 41 exited with code 0
2023/07/09 18:51:28 [notice] 1#1: signal 29 (SIGIO) received
2023/07/09 18:51:28 [notice] 1#1: signal 17 (SIGCHLD) received from 37
2023/07/09 18:51:28 [notice] 1#1: signal 17 (SIGCHLD) received from 35
2023/07/09 18:51:28 [notice] 1#1: worker process 34 exited with code 0
2023/07/09 18:51:28 [notice] 1#1: worker process 35 exited with code 0
2023/07/09 18:51:28 [notice] 1#1: worker process 36 exited with code 0
2023/07/09 18:51:28 [notice] 1#1: worker process 38 exited with code 0
2023/07/09 18:51:28 [notice] 1#1: worker process 39 exited with code 0
2023/07/09 18:51:28 [notice] 1#1: worker process 40 exited with code 0
2023/07/09 18:51:28 [notice] 1#1: worker process 42 exited with code 0
2023/07/09 18:51:28 [notice] 1#1: worker process 43 exited with code 0
2023/07/09 18:51:28 [notice] 1#1: worker process 44 exited with code 0
2023/07/09 18:51:28 [notice] 1#1: worker process 45 exited with code 0
2023/07/09 18:51:28 [notice] 1#1: exit
2023/07/09 18:51:30 [notice] 1#1: using the "epoll" event method
2023/07/09 18:51:30 [notice] 1#1: nginx/1.21.1
2023/07/09 18:51:30 [notice] 1#1: built by gcc 10.3.1 20210424 (Alpine 10.3.1_git20210424) 
2023/07/09 18:51:30 [notice] 1#1: OS: Linux 5.10.16.3-microsoft-standard-WSL2
2023/07/09 18:51:30 [notice] 1#1: getrlimit(RLIMIT_NOFILE): 1048576:1048576
2023/07/09 18:51:30 [notice] 1#1: start worker processes
2023/07/09 18:51:30 [notice] 1#1: start worker process 34
2023/07/09 18:51:30 [notice] 1#1: start worker process 35
2023/07/09 18:51:30 [notice] 1#1: start worker process 36
2023/07/09 18:51:30 [notice] 1#1: start worker process 37
2023/07/09 18:51:30 [notice] 1#1: start worker process 38
2023/07/09 18:51:30 [notice] 1#1: start worker process 39
2023/07/09 18:51:30 [notice] 1#1: start worker process 40
2023/07/09 18:51:30 [notice] 1#1: start worker process 41
2023/07/09 18:51:30 [notice] 1#1: start worker process 42
2023/07/09 18:51:30 [notice] 1#1: start worker process 43
2023/07/09 18:51:30 [notice] 1#1: start worker process 44
2023/07/09 18:51:30 [notice] 1#1: start worker process 45
2023/07/09 18:54:05 [notice] 1#1: signal 3 (SIGQUIT) received, shutting down
2023/07/09 18:54:05 [notice] 34#34: gracefully shutting down
2023/07/09 18:54:05 [notice] 42#42: gracefully shutting down
2023/07/09 18:54:05 [notice] 35#35: gracefully shutting down
2023/07/09 18:54:05 [notice] 36#36: gracefully shutting down
2023/07/09 18:54:05 [notice] 38#38: gracefully shutting down
2023/07/09 18:54:05 [notice] 37#37: gracefully shutting down
2023/07/09 18:54:05 [notice] 39#39: gracefully shutting down
2023/07/09 18:54:05 [notice] 40#40: gracefully shutting down
2023/07/09 18:54:05 [notice] 41#41: gracefully shutting down
2023/07/09 18:54:05 [notice] 43#43: gracefully shutting down
2023/07/09 18:54:05 [notice] 44#44: gracefully shutting down
2023/07/09 18:54:05 [notice] 45#45: gracefully shutting down
2023/07/09 18:54:05 [notice] 34#34: exiting
2023/07/09 18:54:05 [notice] 42#42: exiting
2023/07/09 18:54:05 [notice] 35#35: exiting
2023/07/09 18:54:05 [notice] 36#36: exiting
2023/07/09 18:54:05 [notice] 38#38: exiting
2023/07/09 18:54:05 [notice] 37#37: exiting
2023/07/09 18:54:05 [notice] 39#39: exiting
2023/07/09 18:54:05 [notice] 40#40: exiting
2023/07/09 18:54:05 [notice] 41#41: exiting
2023/07/09 18:54:05 [notice] 43#43: exiting
2023/07/09 18:54:05 [notice] 44#44: exiting
2023/07/09 18:54:05 [notice] 45#45: exiting
2023/07/09 18:54:05 [notice] 34#34: exit
2023/07/09 18:54:05 [notice] 42#42: exit
2023/07/09 18:54:05 [notice] 35#35: exit
2023/07/09 18:54:05 [notice] 36#36: exit
2023/07/09 18:54:05 [notice] 38#38: exit
2023/07/09 18:54:05 [notice] 37#37: exit
2023/07/09 18:54:05 [notice] 39#39: exit
2023/07/09 18:54:05 [notice] 40#40: exit
2023/07/09 18:54:05 [notice] 41#41: exit
2023/07/09 18:54:05 [notice] 43#43: exit
2023/07/09 18:54:05 [notice] 44#44: exit
2023/07/09 18:54:05 [notice] 45#45: exit
2023/07/09 18:54:06 [notice] 1#1: signal 17 (SIGCHLD) received from 38
2023/07/09 18:54:06 [notice] 1#1: worker process 35 exited with code 0
2023/07/09 18:54:06 [notice] 1#1: worker process 38 exited with code 0
2023/07/09 18:54:06 [notice] 1#1: worker process 39 exited with code 0
2023/07/09 18:54:06 [notice] 1#1: signal 29 (SIGIO) received
2023/07/09 18:54:06 [notice] 1#1: signal 17 (SIGCHLD) received from 39
2023/07/09 18:54:06 [notice] 1#1: signal 17 (SIGCHLD) received from 42
2023/07/09 18:54:06 [notice] 1#1: worker process 37 exited with code 0
2023/07/09 18:54:06 [notice] 1#1: worker process 42 exited with code 0
2023/07/09 18:54:06 [notice] 1#1: signal 29 (SIGIO) received
2023/07/09 18:54:06 [notice] 1#1: signal 17 (SIGCHLD) received from 37
2023/07/09 18:54:06 [notice] 1#1: signal 17 (SIGCHLD) received from 36
2023/07/09 18:54:06 [notice] 1#1: worker process 34 exited with code 0
2023/07/09 18:54:06 [notice] 1#1: worker process 36 exited with code 0
2023/07/09 18:54:06 [notice] 1#1: worker process 41 exited with code 0
2023/07/09 18:54:06 [notice] 1#1: worker process 44 exited with code 0
2023/07/09 18:54:06 [notice] 1#1: worker process 45 exited with code 0
2023/07/09 18:54:06 [notice] 1#1: signal 29 (SIGIO) received
2023/07/09 18:54:06 [notice] 1#1: signal 17 (SIGCHLD) received from 40
2023/07/09 18:54:06 [notice] 1#1: worker process 40 exited with code 0
2023/07/09 18:54:06 [notice] 1#1: worker process 43 exited with code 0
2023/07/09 18:54:06 [notice] 1#1: exit
2023/07/09 18:54:08 [notice] 1#1: using the "epoll" event method
2023/07/09 18:54:08 [notice] 1#1: nginx/1.21.1
2023/07/09 18:54:08 [notice] 1#1: built by gcc 10.3.1 20210424 (Alpine 10.3.1_git20210424) 
2023/07/09 18:54:08 [notice] 1#1: OS: Linux 5.10.16.3-microsoft-standard-WSL2
2023/07/09 18:54:08 [notice] 1#1: getrlimit(RLIMIT_NOFILE): 1048576:1048576
2023/07/09 18:54:08 [notice] 1#1: start worker processes
2023/07/09 18:54:08 [notice] 1#1: start worker process 34
2023/07/09 18:54:08 [notice] 1#1: start worker process 35
2023/07/09 18:54:08 [notice] 1#1: start worker process 36
2023/07/09 18:54:08 [notice] 1#1: start worker process 37
2023/07/09 18:54:08 [notice] 1#1: start worker process 38
2023/07/09 18:54:08 [notice] 1#1: start worker process 39
2023/07/09 18:54:08 [notice] 1#1: start worker process 40
2023/07/09 18:54:08 [notice] 1#1: start worker process 41
2023/07/09 18:54:08 [notice] 1#1: start worker process 42
2023/07/09 18:54:08 [notice] 1#1: start worker process 43
2023/07/09 18:54:08 [notice] 1#1: start worker process 44
2023/07/09 18:54:08 [notice] 1#1: start worker process 45
2023/07/09 18:54:14 [error] 34#34: *1 open() "/usr/share/nginx/html/123" failed (2: No such file or directory), client: 10.100.0.1, server: localhost, request: "GET /123 HTTP/1.1", host: "localhost:44"
2023/07/09 18:54:46 [notice] 1#1: signal 3 (SIGQUIT) received, shutting down
2023/07/09 18:54:46 [notice] 34#34: gracefully shutting down
2023/07/09 18:54:46 [notice] 45#45: gracefully shutting down
2023/07/09 18:54:46 [notice] 35#35: gracefully shutting down
2023/07/09 18:54:46 [notice] 36#36: gracefully shutting down
2023/07/09 18:54:46 [notice] 37#37: gracefully shutting down
2023/07/09 18:54:46 [notice] 38#38: gracefully shutting down
2023/07/09 18:54:46 [notice] 39#39: gracefully shutting down
2023/07/09 18:54:46 [notice] 40#40: gracefully shutting down
2023/07/09 18:54:46 [notice] 41#41: gracefully shutting down
2023/07/09 18:54:46 [notice] 42#42: gracefully shutting down
2023/07/09 18:54:46 [notice] 43#43: gracefully shutting down
2023/07/09 18:54:46 [notice] 44#44: gracefully shutting down
2023/07/09 18:54:46 [notice] 34#34: exiting
2023/07/09 18:54:46 [notice] 45#45: exiting
2023/07/09 18:54:46 [notice] 35#35: exiting
2023/07/09 18:54:46 [notice] 36#36: exiting
2023/07/09 18:54:46 [notice] 37#37: exiting
2023/07/09 18:54:46 [notice] 38#38: exiting
2023/07/09 18:54:46 [notice] 39#39: exiting
2023/07/09 18:54:46 [notice] 40#40: exiting
2023/07/09 18:54:46 [notice] 41#41: exiting
2023/07/09 18:54:46 [notice] 42#42: exiting
2023/07/09 18:54:46 [notice] 43#43: exiting
2023/07/09 18:54:46 [notice] 44#44: exiting
2023/07/09 18:54:46 [notice] 34#34: exit
2023/07/09 18:54:46 [notice] 45#45: exit
2023/07/09 18:54:46 [notice] 35#35: exit
2023/07/09 18:54:46 [notice] 36#36: exit
2023/07/09 18:54:46 [notice] 37#37: exit
2023/07/09 18:54:46 [notice] 38#38: exit
2023/07/09 18:54:46 [notice] 39#39: exit
2023/07/09 18:54:46 [notice] 40#40: exit
2023/07/09 18:54:46 [notice] 41#41: exit
2023/07/09 18:54:46 [notice] 42#42: exit
2023/07/09 18:54:46 [notice] 43#43: exit
2023/07/09 18:54:46 [notice] 44#44: exit
2023/07/09 18:54:46 [notice] 1#1: signal 17 (SIGCHLD) received from 34
2023/07/09 18:54:46 [notice] 1#1: worker process 34 exited with code 0
2023/07/09 18:54:46 [notice] 1#1: worker process 35 exited with code 0
2023/07/09 18:54:46 [notice] 1#1: worker process 37 exited with code 0
2023/07/09 18:54:46 [notice] 1#1: worker process 38 exited with code 0
2023/07/09 18:54:46 [notice] 1#1: worker process 41 exited with code 0
2023/07/09 18:54:46 [notice] 1#1: worker process 42 exited with code 0
2023/07/09 18:54:46 [notice] 1#1: worker process 44 exited with code 0
2023/07/09 18:54:46 [notice] 1#1: signal 29 (SIGIO) received
2023/07/09 18:54:46 [notice] 1#1: signal 17 (SIGCHLD) received from 35
2023/07/09 18:54:46 [notice] 1#1: signal 17 (SIGCHLD) received from 45
2023/07/09 18:54:46 [notice] 1#1: worker process 36 exited with code 0
2023/07/09 18:54:46 [notice] 1#1: worker process 40 exited with code 0
2023/07/09 18:54:46 [notice] 1#1: worker process 45 exited with code 0
2023/07/09 18:54:46 [notice] 1#1: signal 29 (SIGIO) received
2023/07/09 18:54:46 [notice] 1#1: signal 17 (SIGCHLD) received from 40
2023/07/09 18:54:46 [notice] 1#1: signal 17 (SIGCHLD) received from 39
2023/07/09 18:54:46 [notice] 1#1: worker process 39 exited with code 0
2023/07/09 18:54:46 [notice] 1#1: worker process 43 exited with code 0
2023/07/09 18:54:46 [notice] 1#1: exit
2023/07/09 18:54:49 [notice] 1#1: using the "epoll" event method
2023/07/09 18:54:49 [notice] 1#1: nginx/1.21.1
2023/07/09 18:54:49 [notice] 1#1: built by gcc 10.3.1 20210424 (Alpine 10.3.1_git20210424) 
2023/07/09 18:54:49 [notice] 1#1: OS: Linux 5.10.16.3-microsoft-standard-WSL2
2023/07/09 18:54:49 [notice] 1#1: getrlimit(RLIMIT_NOFILE): 1048576:1048576
2023/07/09 18:54:49 [notice] 1#1: start worker processes
2023/07/09 18:54:49 [notice] 1#1: start worker process 34
2023/07/09 18:54:49 [notice] 1#1: start worker process 35
2023/07/09 18:54:49 [notice] 1#1: start worker process 36
2023/07/09 18:54:49 [notice] 1#1: start worker process 37
2023/07/09 18:54:49 [notice] 1#1: start worker process 38
2023/07/09 18:54:49 [notice] 1#1: start worker process 39
2023/07/09 18:54:49 [notice] 1#1: start worker process 40
2023/07/09 18:54:49 [notice] 1#1: start worker process 41
2023/07/09 18:54:49 [notice] 1#1: start worker process 42
2023/07/09 18:54:49 [notice] 1#1: start worker process 43
2023/07/09 18:54:49 [notice] 1#1: start worker process 44
2023/07/09 18:54:49 [notice] 1#1: start worker process 45
2023/07/09 18:54:49 [error] 34#34: *1 open() "/usr/share/nginx/html/123" failed (2: No such file or directory), client: 10.100.0.1, server: localhost, request: "GET /123 HTTP/1.1", host: "localhost:44"
2023/07/09 18:54:49 [error] 34#34: *1 open() "/usr/share/nginx/html/123" failed (2: No such file or directory), client: 10.100.0.1, server: localhost, request: "GET /123 HTTP/1.1", host: "localhost:44"
2023/07/09 18:54:50 [error] 34#34: *1 open() "/usr/share/nginx/html/123" failed (2: No such file or directory), client: 10.100.0.1, server: localhost, request: "GET /123 HTTP/1.1", host: "localhost:44"
2023/07/09 18:58:58 [notice] 1#1: signal 3 (SIGQUIT) received, shutting down
2023/07/09 18:58:58 [notice] 34#34: gracefully shutting down
2023/07/09 18:58:58 [notice] 35#35: gracefully shutting down
2023/07/09 18:58:58 [notice] 36#36: gracefully shutting down
2023/07/09 18:58:58 [notice] 37#37: gracefully shutting down
2023/07/09 18:58:58 [notice] 38#38: gracefully shutting down
2023/07/09 18:58:58 [notice] 39#39: gracefully shutting down
2023/07/09 18:58:58 [notice] 40#40: gracefully shutting down
2023/07/09 18:58:58 [notice] 41#41: gracefully shutting down
2023/07/09 18:58:58 [notice] 42#42: gracefully shutting down
2023/07/09 18:58:58 [notice] 43#43: gracefully shutting down
2023/07/09 18:58:58 [notice] 44#44: gracefully shutting down
2023/07/09 18:58:58 [notice] 45#45: gracefully shutting down
2023/07/09 18:58:58 [notice] 34#34: exiting
2023/07/09 18:58:58 [notice] 35#35: exiting
2023/07/09 18:58:58 [notice] 36#36: exiting
2023/07/09 18:58:58 [notice] 37#37: exiting
2023/07/09 18:58:58 [notice] 38#38: exiting
2023/07/09 18:58:58 [notice] 39#39: exiting
2023/07/09 18:58:58 [notice] 40#40: exiting
2023/07/09 18:58:58 [notice] 41#41: exiting
2023/07/09 18:58:58 [notice] 42#42: exiting
2023/07/09 18:58:58 [notice] 43#43: exiting
2023/07/09 18:58:58 [notice] 44#44: exiting
2023/07/09 18:58:58 [notice] 45#45: exiting
2023/07/09 18:58:58 [notice] 34#34: exit
2023/07/09 18:58:58 [notice] 35#35: exit
2023/07/09 18:58:58 [notice] 36#36: exit
2023/07/09 18:58:58 [notice] 37#37: exit
2023/07/09 18:58:58 [notice] 38#38: exit
2023/07/09 18:58:58 [notice] 39#39: exit
2023/07/09 18:58:58 [notice] 40#40: exit
2023/07/09 18:58:58 [notice] 41#41: exit
2023/07/09 18:58:58 [notice] 42#42: exit
2023/07/09 18:58:58 [notice] 43#43: exit
2023/07/09 18:58:58 [notice] 44#44: exit
2023/07/09 18:58:58 [notice] 45#45: exit
2023/07/09 18:58:58 [notice] 1#1: signal 17 (SIGCHLD) received from 44
2023/07/09 18:58:58 [notice] 1#1: worker process 34 exited with code 0
2023/07/09 18:58:58 [notice] 1#1: worker process 36 exited with code 0
2023/07/09 18:58:58 [notice] 1#1: worker process 37 exited with code 0
2023/07/09 18:58:58 [notice] 1#1: worker process 38 exited with code 0
2023/07/09 18:58:58 [notice] 1#1: worker process 39 exited with code 0
2023/07/09 18:58:58 [notice] 1#1: worker process 41 exited with code 0
2023/07/09 18:58:58 [notice] 1#1: worker process 42 exited with code 0
2023/07/09 18:58:58 [notice] 1#1: worker process 43 exited with code 0
2023/07/09 18:58:58 [notice] 1#1: worker process 44 exited with code 0
2023/07/09 18:58:58 [notice] 1#1: worker process 45 exited with code 0
2023/07/09 18:58:58 [notice] 1#1: signal 29 (SIGIO) received
2023/07/09 18:58:58 [notice] 1#1: signal 17 (SIGCHLD) received from 41
2023/07/09 18:58:58 [notice] 1#1: signal 17 (SIGCHLD) received from 35
2023/07/09 18:58:58 [notice] 1#1: worker process 35 exited with code 0
2023/07/09 18:58:58 [notice] 1#1: signal 29 (SIGIO) received
2023/07/09 18:58:58 [notice] 1#1: signal 17 (SIGCHLD) received from 40
2023/07/09 18:58:58 [notice] 1#1: worker process 40 exited with code 0
2023/07/09 18:58:58 [notice] 1#1: exit
2023/07/09 18:59:00 [emerg] 1#1: host not found in upstream "laravel_nuxt-frontend:4000" in /etc/nginx/conf.d/default.conf:2
2023/07/09 18:59:08 [emerg] 1#1: host not found in upstream "laravel_nuxt-frontend:4000" in /etc/nginx/conf.d/default.conf:2
2023/07/09 18:59:16 [emerg] 1#1: host not found in upstream "laravel_nuxt-frontend:4000" in /etc/nginx/conf.d/default.conf:2
2023/07/09 18:59:24 [emerg] 1#1: host not found in upstream "laravel_nuxt-frontend:4000" in /etc/nginx/conf.d/default.conf:2
2023/07/09 18:59:32 [emerg] 1#1: host not found in upstream "laravel_nuxt-frontend:4000" in /etc/nginx/conf.d/default.conf:2
2023/07/09 18:59:39 [emerg] 1#1: host not found in upstream "laravel_nuxt-frontend:4000" in /etc/nginx/conf.d/default.conf:2
2023/07/09 18:59:48 [emerg] 1#1: host not found in upstream "laravel_nuxt-frontend:4000" in /etc/nginx/conf.d/default.conf:2
2023/07/09 18:59:59 [emerg] 1#1: host not found in upstream "laravel_nuxt-frontend:4000" in /etc/nginx/conf.d/default.conf:2
2023/07/09 19:00:17 [emerg] 1#1: "client_body_buffer_size" directive invalid value in /etc/nginx/conf.d/default.conf:18
2023/07/09 19:00:44 [emerg] 1#1: "client_max_body_size" directive invalid value in /etc/nginx/conf.d/default.conf:18
2023/07/09 19:01:28 [notice] 1#1: using the "epoll" event method
2023/07/09 19:01:28 [notice] 1#1: nginx/1.21.1
2023/07/09 19:01:28 [notice] 1#1: built by gcc 10.3.1 20210424 (Alpine 10.3.1_git20210424) 
2023/07/09 19:01:28 [notice] 1#1: OS: Linux 5.10.16.3-microsoft-standard-WSL2
2023/07/09 19:01:28 [notice] 1#1: getrlimit(RLIMIT_NOFILE): 1048576:1048576
2023/07/09 19:01:28 [notice] 1#1: start worker processes
2023/07/09 19:01:28 [notice] 1#1: start worker process 31
2023/07/09 19:01:28 [notice] 1#1: start worker process 32
2023/07/09 19:01:28 [notice] 1#1: start worker process 33
2023/07/09 19:01:28 [notice] 1#1: start worker process 34
2023/07/09 19:01:28 [notice] 1#1: start worker process 35
2023/07/09 19:01:28 [notice] 1#1: start worker process 36
2023/07/09 19:01:28 [notice] 1#1: start worker process 37
2023/07/09 19:01:28 [notice] 1#1: start worker process 38
2023/07/09 19:01:28 [notice] 1#1: start worker process 39
2023/07/09 19:01:28 [notice] 1#1: start worker process 40
2023/07/09 19:01:28 [notice] 1#1: start worker process 41
2023/07/09 19:01:28 [notice] 1#1: start worker process 42
2023/07/09 19:22:26 [notice] 1#1: signal 3 (SIGQUIT) received, shutting down
2023/07/09 19:22:26 [notice] 32#32: gracefully shutting down
2023/07/09 19:22:26 [notice] 31#31: gracefully shutting down
2023/07/09 19:22:26 [notice] 33#33: gracefully shutting down
2023/07/09 19:22:26 [notice] 33#33: exiting
2023/07/09 19:22:26 [notice] 34#34: gracefully shutting down
2023/07/09 19:22:26 [notice] 36#36: gracefully shutting down
2023/07/09 19:22:26 [notice] 35#35: gracefully shutting down
2023/07/09 19:22:26 [notice] 37#37: gracefully shutting down
2023/07/09 19:22:26 [notice] 38#38: gracefully shutting down
2023/07/09 19:22:26 [notice] 39#39: gracefully shutting down
2023/07/09 19:22:26 [notice] 40#40: gracefully shutting down
2023/07/09 19:22:26 [notice] 41#41: gracefully shutting down
2023/07/09 19:22:26 [notice] 42#42: gracefully shutting down
2023/07/09 19:22:26 [notice] 32#32: exiting
2023/07/09 19:22:26 [notice] 31#31: exiting
2023/07/09 19:22:26 [notice] 33#33: exit
2023/07/09 19:22:26 [notice] 34#34: exiting
2023/07/09 19:22:26 [notice] 36#36: exiting
2023/07/09 19:22:26 [notice] 35#35: exiting
2023/07/09 19:22:26 [notice] 37#37: exiting
2023/07/09 19:22:26 [notice] 38#38: exiting
2023/07/09 19:22:26 [notice] 39#39: exiting
2023/07/09 19:22:26 [notice] 40#40: exiting
2023/07/09 19:22:26 [notice] 41#41: exiting
2023/07/09 19:22:26 [notice] 42#42: exiting
2023/07/09 19:22:26 [notice] 32#32: exit
2023/07/09 19:22:26 [notice] 31#31: exit
2023/07/09 19:22:26 [notice] 34#34: exit
2023/07/09 19:22:26 [notice] 36#36: exit
2023/07/09 19:22:26 [notice] 35#35: exit
2023/07/09 19:22:26 [notice] 37#37: exit
2023/07/09 19:22:26 [notice] 38#38: exit
2023/07/09 19:22:26 [notice] 39#39: exit
2023/07/09 19:22:26 [notice] 40#40: exit
2023/07/09 19:22:26 [notice] 41#41: exit
2023/07/09 19:22:26 [notice] 42#42: exit
2023/07/09 19:22:26 [notice] 1#1: signal 17 (SIGCHLD) received from 34
2023/07/09 19:22:26 [notice] 1#1: worker process 34 exited with code 0
2023/07/09 19:22:26 [notice] 1#1: signal 29 (SIGIO) received
2023/07/09 19:22:26 [notice] 1#1: signal 17 (SIGCHLD) received from 36
2023/07/09 19:22:26 [notice] 1#1: worker process 36 exited with code 0
2023/07/09 19:22:26 [notice] 1#1: signal 29 (SIGIO) received
2023/07/09 19:22:26 [notice] 1#1: signal 17 (SIGCHLD) received from 35
2023/07/09 19:22:26 [notice] 1#1: worker process 31 exited with code 0
2023/07/09 19:22:26 [notice] 1#1: worker process 32 exited with code 0
2023/07/09 19:22:26 [notice] 1#1: worker process 33 exited with code 0
2023/07/09 19:22:26 [notice] 1#1: worker process 35 exited with code 0
2023/07/09 19:22:26 [notice] 1#1: worker process 37 exited with code 0
2023/07/09 19:22:26 [notice] 1#1: worker process 38 exited with code 0
2023/07/09 19:22:26 [notice] 1#1: worker process 41 exited with code 0
2023/07/09 19:22:26 [notice] 1#1: worker process 42 exited with code 0
2023/07/09 19:22:26 [notice] 1#1: signal 29 (SIGIO) received
2023/07/09 19:22:26 [notice] 1#1: signal 17 (SIGCHLD) received from 33
2023/07/09 19:22:26 [notice] 1#1: signal 17 (SIGCHLD) received from 40
2023/07/09 19:22:26 [notice] 1#1: worker process 39 exited with code 0
2023/07/09 19:22:26 [notice] 1#1: worker process 40 exited with code 0
2023/07/09 19:22:26 [notice] 1#1: exit
2023/07/09 19:22:36 [notice] 1#1: using the "epoll" event method
2023/07/09 19:22:36 [notice] 1#1: nginx/1.21.1
2023/07/09 19:22:36 [notice] 1#1: built by gcc 10.3.1 20210424 (Alpine 10.3.1_git20210424) 
2023/07/09 19:22:36 [notice] 1#1: OS: Linux 5.10.16.3-microsoft-standard-WSL2
2023/07/09 19:22:36 [notice] 1#1: getrlimit(RLIMIT_NOFILE): 1048576:1048576
2023/07/09 19:22:36 [notice] 1#1: start worker processes
2023/07/09 19:22:36 [notice] 1#1: start worker process 31
2023/07/09 19:22:36 [notice] 1#1: start worker process 32
2023/07/09 19:22:36 [notice] 1#1: start worker process 33
2023/07/09 19:22:36 [notice] 1#1: start worker process 34
2023/07/09 19:22:36 [notice] 1#1: start worker process 35
2023/07/09 19:22:36 [notice] 1#1: start worker process 36
2023/07/09 19:22:36 [notice] 1#1: start worker process 37
2023/07/09 19:22:36 [notice] 1#1: start worker process 38
2023/07/09 19:22:36 [notice] 1#1: start worker process 39
2023/07/09 19:22:36 [notice] 1#1: start worker process 40
2023/07/09 19:22:36 [notice] 1#1: start worker process 41
2023/07/09 19:22:36 [notice] 1#1: start worker process 42
2023/07/09 19:36:49 [notice] 1#1: signal 3 (SIGQUIT) received, shutting down
2023/07/09 19:36:49 [notice] 31#31: gracefully shutting down
2023/07/09 19:36:49 [notice] 40#40: gracefully shutting down
2023/07/09 19:36:49 [notice] 32#32: gracefully shutting down
2023/07/09 19:36:49 [notice] 33#33: gracefully shutting down
2023/07/09 19:36:49 [notice] 34#34: gracefully shutting down
2023/07/09 19:36:49 [notice] 35#35: gracefully shutting down
2023/07/09 19:36:49 [notice] 35#35: exiting
2023/07/09 19:36:49 [notice] 36#36: gracefully shutting down
2023/07/09 19:36:49 [notice] 37#37: gracefully shutting down
2023/07/09 19:36:49 [notice] 38#38: gracefully shutting down
2023/07/09 19:36:49 [notice] 39#39: gracefully shutting down
2023/07/09 19:36:49 [notice] 41#41: gracefully shutting down
2023/07/09 19:36:49 [notice] 42#42: gracefully shutting down
2023/07/09 19:36:49 [notice] 31#31: exiting
2023/07/09 19:36:49 [notice] 40#40: exiting
2023/07/09 19:36:49 [notice] 32#32: exiting
2023/07/09 19:36:49 [notice] 33#33: exiting
2023/07/09 19:36:49 [notice] 34#34: exiting
2023/07/09 19:36:49 [notice] 36#36: exiting
2023/07/09 19:36:49 [notice] 35#35: exit
2023/07/09 19:36:49 [notice] 37#37: exiting
2023/07/09 19:36:49 [notice] 38#38: exiting
2023/07/09 19:36:49 [notice] 39#39: exiting
2023/07/09 19:36:49 [notice] 41#41: exiting
2023/07/09 19:36:49 [notice] 42#42: exiting
2023/07/09 19:36:49 [notice] 31#31: exit
2023/07/09 19:36:49 [notice] 40#40: exit
2023/07/09 19:36:49 [notice] 32#32: exit
2023/07/09 19:36:49 [notice] 33#33: exit
2023/07/09 19:36:49 [notice] 34#34: exit
2023/07/09 19:36:49 [notice] 36#36: exit
2023/07/09 19:36:49 [notice] 37#37: exit
2023/07/09 19:36:49 [notice] 38#38: exit
2023/07/09 19:36:49 [notice] 39#39: exit
2023/07/09 19:36:49 [notice] 41#41: exit
2023/07/09 19:36:49 [notice] 42#42: exit
2023/07/09 19:36:50 [notice] 1#1: signal 17 (SIGCHLD) received from 36
2023/07/09 19:36:50 [notice] 1#1: worker process 36 exited with code 0
2023/07/09 19:36:50 [notice] 1#1: signal 29 (SIGIO) received
2023/07/09 19:36:50 [notice] 1#1: signal 17 (SIGCHLD) received from 37
2023/07/09 19:36:50 [notice] 1#1: worker process 31 exited with code 0
2023/07/09 19:36:50 [notice] 1#1: worker process 32 exited with code 0
2023/07/09 19:36:50 [notice] 1#1: worker process 33 exited with code 0
2023/07/09 19:36:50 [notice] 1#1: worker process 37 exited with code 0
2023/07/09 19:36:50 [notice] 1#1: worker process 38 exited with code 0
2023/07/09 19:36:50 [notice] 1#1: worker process 41 exited with code 0
2023/07/09 19:36:50 [notice] 1#1: signal 29 (SIGIO) received
2023/07/09 19:36:50 [notice] 1#1: signal 17 (SIGCHLD) received from 31
2023/07/09 19:36:50 [notice] 1#1: signal 17 (SIGCHLD) received from 42
2023/07/09 19:36:50 [notice] 1#1: worker process 34 exited with code 0
2023/07/09 19:36:50 [notice] 1#1: worker process 35 exited with code 0
2023/07/09 19:36:50 [notice] 1#1: worker process 39 exited with code 0
2023/07/09 19:36:50 [notice] 1#1: worker process 42 exited with code 0
2023/07/09 19:36:50 [notice] 1#1: signal 29 (SIGIO) received
2023/07/09 19:36:50 [notice] 1#1: signal 17 (SIGCHLD) received from 39
2023/07/09 19:36:50 [notice] 1#1: signal 17 (SIGCHLD) received from 40
2023/07/09 19:36:50 [notice] 1#1: worker process 40 exited with code 0
2023/07/09 19:36:50 [notice] 1#1: exit
2023/07/09 19:37:01 [notice] 1#1: using the "epoll" event method
2023/07/09 19:37:01 [notice] 1#1: nginx/1.21.1
2023/07/09 19:37:01 [notice] 1#1: built by gcc 10.3.1 20210424 (Alpine 10.3.1_git20210424) 
2023/07/09 19:37:01 [notice] 1#1: OS: Linux 5.10.16.3-microsoft-standard-WSL2
2023/07/09 19:37:01 [notice] 1#1: getrlimit(RLIMIT_NOFILE): 1048576:1048576
2023/07/09 19:37:01 [notice] 1#1: start worker processes
2023/07/09 19:37:01 [notice] 1#1: start worker process 31
2023/07/09 19:37:01 [notice] 1#1: start worker process 32
2023/07/09 19:37:01 [notice] 1#1: start worker process 33
2023/07/09 19:37:01 [notice] 1#1: start worker process 34
2023/07/09 19:37:01 [notice] 1#1: start worker process 35
2023/07/09 19:37:01 [notice] 1#1: start worker process 36
2023/07/09 19:37:01 [notice] 1#1: start worker process 37
2023/07/09 19:37:01 [notice] 1#1: start worker process 38
2023/07/09 19:37:01 [notice] 1#1: start worker process 39
2023/07/09 19:37:01 [notice] 1#1: start worker process 40
2023/07/09 19:37:01 [notice] 1#1: start worker process 41
2023/07/09 19:37:01 [notice] 1#1: start worker process 42
2023/07/09 19:42:58 [notice] 1#1: signal 3 (SIGQUIT) received, shutting down
2023/07/09 19:42:58 [notice] 31#31: gracefully shutting down
2023/07/09 19:42:58 [notice] 33#33: gracefully shutting down
2023/07/09 19:42:58 [notice] 32#32: gracefully shutting down
2023/07/09 19:42:58 [notice] 34#34: gracefully shutting down
2023/07/09 19:42:58 [notice] 35#35: gracefully shutting down
2023/07/09 19:42:58 [notice] 36#36: gracefully shutting down
2023/07/09 19:42:58 [notice] 37#37: gracefully shutting down
2023/07/09 19:42:58 [notice] 38#38: gracefully shutting down
2023/07/09 19:42:58 [notice] 39#39: gracefully shutting down
2023/07/09 19:42:58 [notice] 40#40: gracefully shutting down
2023/07/09 19:42:58 [notice] 41#41: gracefully shutting down
2023/07/09 19:42:58 [notice] 42#42: gracefully shutting down
2023/07/09 19:42:58 [notice] 31#31: exiting
2023/07/09 19:42:58 [notice] 33#33: exiting
2023/07/09 19:42:58 [notice] 31#31: exit
2023/07/09 19:42:58 [notice] 32#32: exiting
2023/07/09 19:42:58 [notice] 34#34: exiting
2023/07/09 19:42:58 [notice] 35#35: exiting
2023/07/09 19:42:58 [notice] 36#36: exiting
2023/07/09 19:42:58 [notice] 37#37: exiting
2023/07/09 19:42:58 [notice] 38#38: exiting
2023/07/09 19:42:58 [notice] 39#39: exiting
2023/07/09 19:42:58 [notice] 40#40: exiting
2023/07/09 19:42:58 [notice] 41#41: exiting
2023/07/09 19:42:58 [notice] 42#42: exiting
2023/07/09 19:42:58 [notice] 33#33: exit
2023/07/09 19:42:58 [notice] 32#32: exit
2023/07/09 19:42:58 [notice] 34#34: exit
2023/07/09 19:42:58 [notice] 35#35: exit
2023/07/09 19:42:58 [notice] 36#36: exit
2023/07/09 19:42:58 [notice] 37#37: exit
2023/07/09 19:42:58 [notice] 38#38: exit
2023/07/09 19:42:58 [notice] 39#39: exit
2023/07/09 19:42:58 [notice] 40#40: exit
2023/07/09 19:42:58 [notice] 41#41: exit
2023/07/09 19:42:58 [notice] 42#42: exit
2023/07/09 19:42:58 [notice] 1#1: signal 17 (SIGCHLD) received from 31
2023/07/09 19:42:58 [notice] 1#1: worker process 31 exited with code 0
2023/07/09 19:42:58 [notice] 1#1: worker process 35 exited with code 0
2023/07/09 19:42:58 [notice] 1#1: worker process 38 exited with code 0
2023/07/09 19:42:58 [notice] 1#1: signal 29 (SIGIO) received
2023/07/09 19:42:58 [notice] 1#1: signal 17 (SIGCHLD) received from 33
2023/07/09 19:42:58 [notice] 1#1: worker process 33 exited with code 0
2023/07/09 19:42:58 [notice] 1#1: worker process 34 exited with code 0
2023/07/09 19:42:58 [notice] 1#1: worker process 40 exited with code 0
2023/07/09 19:42:58 [notice] 1#1: signal 29 (SIGIO) received
2023/07/09 19:42:58 [notice] 1#1: signal 17 (SIGCHLD) received from 32
2023/07/09 19:42:58 [notice] 1#1: worker process 32 exited with code 0
2023/07/09 19:42:58 [notice] 1#1: worker process 36 exited with code 0
2023/07/09 19:42:58 [notice] 1#1: worker process 37 exited with code 0
2023/07/09 19:42:58 [notice] 1#1: worker process 39 exited with code 0
2023/07/09 19:42:58 [notice] 1#1: worker process 41 exited with code 0
2023/07/09 19:42:58 [notice] 1#1: worker process 42 exited with code 0
2023/07/09 19:42:58 [notice] 1#1: exit
2023/07/09 19:43:20 [notice] 1#1: using the "epoll" event method
2023/07/09 19:43:20 [notice] 1#1: nginx/1.21.1
2023/07/09 19:43:20 [notice] 1#1: built by gcc 10.3.1 20210424 (Alpine 10.3.1_git20210424) 
2023/07/09 19:43:20 [notice] 1#1: OS: Linux 5.10.16.3-microsoft-standard-WSL2
2023/07/09 19:43:20 [notice] 1#1: getrlimit(RLIMIT_NOFILE): 1048576:1048576
2023/07/09 19:43:20 [notice] 1#1: start worker processes
2023/07/09 19:43:20 [notice] 1#1: start worker process 31
2023/07/09 19:43:20 [notice] 1#1: start worker process 32
2023/07/09 19:43:20 [notice] 1#1: start worker process 33
2023/07/09 19:43:20 [notice] 1#1: start worker process 34
2023/07/09 19:43:20 [notice] 1#1: start worker process 35
2023/07/09 19:43:20 [notice] 1#1: start worker process 36
2023/07/09 19:43:20 [notice] 1#1: start worker process 37
2023/07/09 19:43:20 [notice] 1#1: start worker process 38
2023/07/09 19:43:20 [notice] 1#1: start worker process 39
2023/07/09 19:43:20 [notice] 1#1: start worker process 40
2023/07/09 19:43:20 [notice] 1#1: start worker process 41
2023/07/09 19:43:20 [notice] 1#1: start worker process 42
